-------------------------------------------------------------------------------
Test set: LocationsTest
-------------------------------------------------------------------------------
Tests run: 4, Failures: 1, Errors: 0, Skipped: 0, Time elapsed: 0.166 sec <<< FAILURE! - in LocationsTest
allSightingsAreReturnedForRanger(LocationsTest)  Time elapsed: 0.086 sec  <<< FAILURE!
java.lang.AssertionError: expected:<null> but was:<Sightings@1149fb>
	at LocationsTest.allSightingsAreReturnedForRanger(LocationsTest.java:51)

